máj. 22, 2024 12:20:27 DE. com.progtech.etelrendelesapp.logger.AppLogger log
INFO: Sikeres bejelentkezés: user@gmail.com
máj. 22, 2024 12:20:31 DE. com.progtech.etelrendelesapp.logger.AppLogger log
INFO: Rendeléshez hozzáadva: Pizza 2000
máj. 22, 2024 12:20:32 DE. com.progtech.etelrendelesapp.logger.AppLogger log
INFO: Eltávolítva a rendelésről: Pizza 2000
máj. 22, 2024 12:20:35 DE. com.progtech.etelrendelesapp.logger.AppLogger log
INFO: Rendeléshez hozzáadva: Hamburger 2000
máj. 22, 2024 12:20:38 DE. com.progtech.etelrendelesapp.logger.AppLogger log
INFO: Összeg hozzáadva 2000felhasználó számára: user@gmail.com
máj. 22, 2024 12:20:40 DE. com.progtech.etelrendelesapp.logger.AppLogger log
INFO: Rendelés leadva: user@gmail.com, 2000.0 Ft
máj. 22, 2024 12:20:41 DE. com.progtech.etelrendelesapp.logger.AppLogger log
INFO: Kijelentkezett: user@gmail.com
máj. 22, 2024 12:23:51 DE. com.progtech.etelrendelesapp.logger.AppLogger log
INFO: Sikeres bejelentkezés: user@gmail.com
máj. 22, 2024 12:23:55 DE. com.progtech.etelrendelesapp.logger.AppLogger log
INFO: Rendeléshez hozzáadva: Pizza, 2200 Ft
máj. 22, 2024 12:23:56 DE. com.progtech.etelrendelesapp.logger.AppLogger log
INFO: Rendeléshez hozzáadva: Hamburger, 1800 Ft
máj. 22, 2024 12:23:58 DE. com.progtech.etelrendelesapp.logger.AppLogger log
INFO: Eltávolítva a rendelésről: Pizza, 2200 Ft
máj. 22, 2024 12:24:06 DE. com.progtech.etelrendelesapp.logger.AppLogger log
INFO: Összeg hozzáadva 3000 Ft felhasználó számára: user@gmail.com
máj. 22, 2024 12:24:08 DE. com.progtech.etelrendelesapp.logger.AppLogger log
INFO: Rendelés leadva: user@gmail.com, 1800.0 Ft
máj. 22, 2024 12:24:11 DE. com.progtech.etelrendelesapp.logger.AppLogger log
INFO: Kijelentkezett: user@gmail.com
máj. 22, 2024 11:01:36 DE. com.progtech.etelrendelesapp.logger.AppLogger log
INFO: Sikeres bejelentkezés: user@user
máj. 22, 2024 11:01:46 DE. com.progtech.etelrendelesapp.logger.AppLogger log
INFO: Összeg hozzáadva 10000 Ft felhasználó számára: user@user
máj. 22, 2024 11:01:59 DE. com.progtech.etelrendelesapp.logger.AppLogger log
INFO: Rendeléshez hozzáadva: Pizza, 2600 Ft
máj. 22, 2024 11:02:06 DE. com.progtech.etelrendelesapp.logger.AppLogger log
INFO: Rendeléshez hozzáadva: Hamburger, 2400 Ft
máj. 22, 2024 11:02:08 DE. com.progtech.etelrendelesapp.logger.AppLogger log
INFO: Rendelés leadva: user@user, 5000.0 Ft
máj. 22, 2024 11:02:12 DE. com.progtech.etelrendelesapp.logger.AppLogger log
INFO: Kijelentkezett: user@user
máj. 22, 2024 11:02:17 DE. com.progtech.etelrendelesapp.logger.AppLogger log
INFO: Sikeres bejelentkezés: user@user
